2026-04-15 20:40:37,682 - Scheduler - INFO - Starting local pipeline scheduler
2026-04-15 20:40:37,684 - Scheduler - INFO - Starting execution of scripts/ingest.py
2026-04-15 20:40:39,066 - Scheduler - INFO - [ingest.py] Traceback (most recent call last):
2026-04-15 20:40:39,069 - Scheduler - INFO - [ingest.py] File "C:\Milestone 2\scripts\ingest.py", line 6, in <module>
2026-04-15 20:40:39,070 - Scheduler - INFO - [ingest.py] from playwright.async_api import async_playwright
2026-04-15 20:40:39,070 - Scheduler - INFO - [ingest.py] ModuleNotFoundError: No module named 'playwright'
2026-04-15 20:40:39,193 - Scheduler - ERROR - Execution of scripts/ingest.py failed with return code 1
2026-04-15 20:40:39,194 - Scheduler - ERROR - Pipeline failed. Aborting subsequent steps.
2026-04-15 20:44:29,426 - Scheduler - INFO - Starting local pipeline scheduler
2026-04-15 20:44:29,427 - Scheduler - INFO - Starting execution of scripts/ingest.py
2026-04-15 20:44:45,956 - Scheduler - INFO - [ingest.py] Traceback (most recent call last):
2026-04-15 20:44:45,961 - Scheduler - INFO - [ingest.py] File "C:\Milestone 2\scripts\ingest.py", line 199, in <module>
2026-04-15 20:44:45,961 - Scheduler - INFO - [ingest.py] asyncio.run(main())
2026-04-15 20:44:45,962 - Scheduler - INFO - [ingest.py] ~~~~~~~~~~~^^^^^^^^
2026-04-15 20:44:45,962 - Scheduler - INFO - [ingest.py] File "C:\Users\am922\AppData\Local\Python\pythoncore-3.14-64\Lib\asyncio\runners.py", line 204, in run
2026-04-15 20:44:45,962 - Scheduler - INFO - [ingest.py] return runner.run(main)
2026-04-15 20:44:45,962 - Scheduler - INFO - [ingest.py] ~~~~~~~~~~^^^^^^
2026-04-15 20:44:45,962 - Scheduler - INFO - [ingest.py] File "C:\Users\am922\AppData\Local\Python\pythoncore-3.14-64\Lib\asyncio\runners.py", line 127, in run
2026-04-15 20:44:45,962 - Scheduler - INFO - [ingest.py] return self._loop.run_until_complete(task)
2026-04-15 20:44:45,962 - Scheduler - INFO - [ingest.py] ~~~~~~~~~~~~~~~~~~~~~~~~~~~~~^^^^^^
2026-04-15 20:44:45,962 - Scheduler - INFO - [ingest.py] File "C:\Users\am922\AppData\Local\Python\pythoncore-3.14-64\Lib\asyncio\base_events.py", line 719, in run_until_complete
2026-04-15 20:44:45,962 - Scheduler - INFO - [ingest.py] return future.result()
2026-04-15 20:44:45,962 - Scheduler - INFO - [ingest.py] ~~~~~~~~~~~~~^^
2026-04-15 20:44:45,963 - Scheduler - INFO - [ingest.py] File "C:\Milestone 2\scripts\ingest.py", line 172, in main
2026-04-15 20:44:45,963 - Scheduler - INFO - [ingest.py] schemes = await scrape_amc_schemes(browser, amc_url)
2026-04-15 20:44:45,963 - Scheduler - INFO - [ingest.py] ^^^^^^^^^^^^^^^^^^^^^^^^^^^^^^^^^^^^^^^^^^
2026-04-15 20:44:45,963 - Scheduler - INFO - [ingest.py] File "C:\Milestone 2\scripts\ingest.py", line 31, in scrape_amc_schemes
2026-04-15 20:44:45,963 - Scheduler - INFO - [ingest.py] print(f"\n\U0001f4c2 Scraping AMC page: {amc_url}")
2026-04-15 20:44:45,963 - Scheduler - INFO - [ingest.py] ~~~~~^^^^^^^^^^^^^^^^^^^^^^^^^^^^^^^^^^^^^^
2026-04-15 20:44:45,963 - Scheduler - INFO - [ingest.py] File "C:\Users\am922\AppData\Local\Python\pythoncore-3.14-64\Lib\encodings\cp1252.py", line 19, in encode
2026-04-15 20:44:45,964 - Scheduler - INFO - [ingest.py] return codecs.charmap_encode(input,self.errors,encoding_table)[0]
2026-04-15 20:44:45,964 - Scheduler - INFO - [ingest.py] ~~~~~~~~~~~~~~~~~~~~~^^^^^^^^^^^^^^^^^^^^^^^^^^^^^^^^^^
2026-04-15 20:44:45,964 - Scheduler - INFO - [ingest.py] UnicodeEncodeError: 'charmap' codec can't encode character '\U0001f4c2' in position 2: character maps to <undefined>
2026-04-15 20:44:46,110 - Scheduler - ERROR - Execution of scripts/ingest.py failed with return code 1
2026-04-15 20:44:46,112 - Scheduler - ERROR - Pipeline failed. Aborting subsequent steps.
2026-04-15 20:47:02,194 - Scheduler - INFO - Starting local pipeline scheduler
2026-04-15 20:47:02,195 - Scheduler - INFO - Starting execution of scripts/ingest.py
2026-04-15 20:47:07,032 - Scheduler - INFO - [ingest.py] 
2026-04-15 20:49:15,088 - Scheduler - INFO - Starting local pipeline scheduler
2026-04-15 20:49:15,089 - Scheduler - INFO - Starting execution of scripts/ingest.py
2026-04-15 20:49:20,618 - Scheduler - INFO - [ingest.py] 
2026-04-15 20:52:35,776 - Scheduler - INFO - [ingest.py] 
2026-04-15 20:55:24,608 - Scheduler - INFO - [ingest.py] 
2026-04-15 20:58:33,717 - Scheduler - INFO - [ingest.py] 
2026-04-15 21:01:02,496 - Scheduler - INFO - [ingest.py] 
2026-04-15 21:04:24,823 - Scheduler - INFO - [ingest.py] 
2026-04-15 21:06:58,000 - Scheduler - INFO - [ingest.py] 
2026-04-15 21:10:12,017 - Scheduler - INFO - [ingest.py] 
2026-04-15 21:10:12,949 - Scheduler - INFO - Successfully completed execution of scripts/ingest.py
2026-04-15 21:10:12,956 - Scheduler - INFO - Starting execution of scripts/index.py
2026-04-15 21:10:51,980 - Scheduler - INFO - [index.py] ============================================================
2026-04-15 21:10:51,984 - Scheduler - INFO - [index.py] Embedding Model : BAAI/bge-small-en-v1.5 (384 dims)
2026-04-15 21:10:51,987 - Scheduler - INFO - [index.py] ============================================================
2026-04-15 21:10:51,988 - Scheduler - INFO - [index.py] 
2026-04-15 21:10:53,549 - Scheduler - INFO - [index.py] Warning: You are sending unauthenticated requests to the HF Hub. Please set a HF_TOKEN to enable higher rate limits and faster downloads.
2026-04-15 21:10:55,782 - Scheduler - INFO - [index.py] 
2026-04-15 21:10:55,884 - Scheduler - INFO - [index.py] Loading weights:   0%|          | 0/199 [00:00<?, ?it/s]
2026-04-15 21:10:55,938 - Scheduler - INFO - [index.py] [1mBertModel LOAD REPORT[0m from: BAAI/bge-small-en-v1.5
2026-04-15 21:10:55,938 - Scheduler - INFO - [index.py] Key                     | Status     |  |
2026-04-15 21:10:55,938 - Scheduler - INFO - [index.py] ------------------------+------------+--+-
2026-04-15 21:10:55,938 - Scheduler - INFO - [index.py] embeddings.position_ids | UNEXPECTED |  |
2026-04-15 21:10:55,938 - Scheduler - INFO - [index.py] 
2026-04-15 21:10:55,938 - Scheduler - INFO - [index.py] Notes:
2026-04-15 21:10:55,938 - Scheduler - INFO - [index.py] - UNEXPECTED:	can be ignored when loading from different task/architecture; not ok if you expect identical arch.
2026-04-15 21:10:59,712 - Scheduler - INFO - [index.py] 
2026-04-15 21:11:00,939 - Scheduler - INFO - [index.py] invalid pdf header: b'<!doc'
2026-04-15 21:11:00,943 - Scheduler - INFO - [index.py] EOF marker not found
2026-04-15 21:11:00,952 - Scheduler - INFO - [index.py] 
2026-04-15 21:11:00,963 - Scheduler - INFO - [index.py] invalid pdf header: b'<!doc'
2026-04-15 21:11:00,964 - Scheduler - INFO - [index.py] EOF marker not found
2026-04-15 21:11:00,969 - Scheduler - INFO - [index.py] 
2026-04-15 21:11:00,976 - Scheduler - INFO - [index.py] invalid pdf header: b'<!doc'
2026-04-15 21:11:00,976 - Scheduler - INFO - [index.py] EOF marker not found
2026-04-15 21:11:00,982 - Scheduler - INFO - [index.py] 
2026-04-15 21:11:00,989 - Scheduler - INFO - [index.py] invalid pdf header: b'<!doc'
2026-04-15 21:11:00,989 - Scheduler - INFO - [index.py] EOF marker not found
2026-04-15 21:11:00,996 - Scheduler - INFO - [index.py] 
2026-04-15 21:11:01,002 - Scheduler - INFO - [index.py] invalid pdf header: b'<!doc'
2026-04-15 21:11:01,003 - Scheduler - INFO - [index.py] EOF marker not found
2026-04-15 21:11:01,011 - Scheduler - INFO - [index.py] 
2026-04-15 21:11:01,018 - Scheduler - INFO - [index.py] invalid pdf header: b'<!doc'
2026-04-15 21:11:01,019 - Scheduler - INFO - [index.py] EOF marker not found
2026-04-15 21:11:01,029 - Scheduler - INFO - [index.py] 
2026-04-15 21:11:01,040 - Scheduler - INFO - [index.py] invalid pdf header: b'<!doc'
2026-04-15 21:11:01,046 - Scheduler - INFO - [index.py] EOF marker not found
2026-04-15 21:11:01,056 - Scheduler - INFO - [index.py] 
2026-04-15 21:11:01,064 - Scheduler - INFO - [index.py] invalid pdf header: b'<!doc'
2026-04-15 21:11:01,065 - Scheduler - INFO - [index.py] EOF marker not found
2026-04-15 21:11:01,072 - Scheduler - INFO - [index.py] 
2026-04-15 21:11:01,087 - Scheduler - INFO - [index.py] invalid pdf header: b'<!doc'
2026-04-15 21:11:01,088 - Scheduler - INFO - [index.py] EOF marker not found
2026-04-15 21:11:01,102 - Scheduler - INFO - [index.py] 
2026-04-15 21:11:01,117 - Scheduler - INFO - [index.py] invalid pdf header: b'<!doc'
2026-04-15 21:11:01,118 - Scheduler - INFO - [index.py] EOF marker not found
2026-04-15 21:11:01,122 - Scheduler - INFO - [index.py] 
2026-04-15 21:11:01,128 - Scheduler - INFO - [index.py] invalid pdf header: b'<!doc'
2026-04-15 21:11:01,129 - Scheduler - INFO - [index.py] EOF marker not found
2026-04-15 21:11:01,136 - Scheduler - INFO - [index.py] 
2026-04-15 21:11:01,142 - Scheduler - INFO - [index.py] invalid pdf header: b'<!doc'
2026-04-15 21:11:01,144 - Scheduler - INFO - [index.py] EOF marker not found
2026-04-15 21:11:01,150 - Scheduler - INFO - [index.py] 
2026-04-15 21:11:01,156 - Scheduler - INFO - [index.py] invalid pdf header: b'<!doc'
2026-04-15 21:11:01,156 - Scheduler - INFO - [index.py] EOF marker not found
2026-04-15 21:11:01,163 - Scheduler - INFO - [index.py] 
2026-04-15 21:11:01,170 - Scheduler - INFO - [index.py] invalid pdf header: b'<!doc'
2026-04-15 21:11:01,170 - Scheduler - INFO - [index.py] EOF marker not found
2026-04-15 21:11:01,177 - Scheduler - INFO - [index.py] 
2026-04-15 21:11:01,182 - Scheduler - INFO - [index.py] invalid pdf header: b'<!doc'
2026-04-15 21:11:01,183 - Scheduler - INFO - [index.py] EOF marker not found
2026-04-15 21:11:01,188 - Scheduler - INFO - [index.py] 
2026-04-15 21:11:01,197 - Scheduler - INFO - [index.py] invalid pdf header: b'<!DOC'
2026-04-15 21:11:01,198 - Scheduler - INFO - [index.py] EOF marker not found
2026-04-15 21:11:01,204 - Scheduler - INFO - [index.py] 
2026-04-15 21:11:01,211 - Scheduler - INFO - [index.py] invalid pdf header: b'<!DOC'
2026-04-15 21:11:01,218 - Scheduler - INFO - [index.py] EOF marker not found
2026-04-15 21:11:01,225 - Scheduler - INFO - [index.py] 
2026-04-15 21:11:01,232 - Scheduler - INFO - [index.py] invalid pdf header: b'<!DOC'
2026-04-15 21:11:01,280 - Scheduler - INFO - [index.py] EOF marker not found
2026-04-15 21:11:01,286 - Scheduler - INFO - [index.py] 
2026-04-15 21:11:01,290 - Scheduler - INFO - [index.py] invalid pdf header: b'<!DOC'
2026-04-15 21:11:01,348 - Scheduler - INFO - [index.py] EOF marker not found
2026-04-15 21:11:01,354 - Scheduler - INFO - [index.py] 
2026-04-15 21:11:01,360 - Scheduler - INFO - [index.py] invalid pdf header: b'<!DOC'
2026-04-15 21:11:01,411 - Scheduler - INFO - [index.py] EOF marker not found
2026-04-15 21:11:01,416 - Scheduler - INFO - [index.py] 
2026-04-15 21:11:01,421 - Scheduler - INFO - [index.py] invalid pdf header: b'<!DOC'
2026-04-15 21:11:01,474 - Scheduler - INFO - [index.py] EOF marker not found
2026-04-15 21:11:01,480 - Scheduler - INFO - [index.py] 
2026-04-15 21:11:01,485 - Scheduler - INFO - [index.py] invalid pdf header: b'<!DOC'
2026-04-15 21:11:01,538 - Scheduler - INFO - [index.py] EOF marker not found
2026-04-15 21:11:01,545 - Scheduler - INFO - [index.py] 
2026-04-15 21:11:01,550 - Scheduler - INFO - [index.py] invalid pdf header: b'<!DOC'
2026-04-15 21:11:01,600 - Scheduler - INFO - [index.py] EOF marker not found
2026-04-15 21:11:01,631 - Scheduler - INFO - [index.py] 
2026-04-15 21:11:01,636 - Scheduler - INFO - [index.py] invalid pdf header: b'<!DOC'
2026-04-15 21:11:01,685 - Scheduler - INFO - [index.py] EOF marker not found
2026-04-15 21:11:01,690 - Scheduler - INFO - [index.py] 
2026-04-15 21:11:01,696 - Scheduler - INFO - [index.py] invalid pdf header: b'<!DOC'
2026-04-15 21:11:01,751 - Scheduler - INFO - [index.py] EOF marker not found
2026-04-15 21:11:01,759 - Scheduler - INFO - [index.py] 
2026-04-15 21:11:01,766 - Scheduler - INFO - [index.py] invalid pdf header: b'<!DOC'
2026-04-15 21:11:01,824 - Scheduler - INFO - [index.py] EOF marker not found
2026-04-15 21:11:01,834 - Scheduler - INFO - [index.py] 
2026-04-15 21:11:01,843 - Scheduler - INFO - [index.py] invalid pdf header: b'<!DOC'
2026-04-15 21:11:01,908 - Scheduler - INFO - [index.py] EOF marker not found
2026-04-15 21:11:01,916 - Scheduler - INFO - [index.py] 
2026-04-15 21:11:01,926 - Scheduler - INFO - [index.py] invalid pdf header: b'<!DOC'
2026-04-15 21:11:01,980 - Scheduler - INFO - [index.py] EOF marker not found
2026-04-15 21:11:01,985 - Scheduler - INFO - [index.py] 
2026-04-15 21:11:01,990 - Scheduler - INFO - [index.py] invalid pdf header: b'<!DOC'
2026-04-15 21:11:02,042 - Scheduler - INFO - [index.py] EOF marker not found
2026-04-15 21:11:02,049 - Scheduler - INFO - [index.py] 
2026-04-15 21:11:02,052 - Scheduler - INFO - [index.py] invalid pdf header: b'<!DOC'
2026-04-15 21:11:02,110 - Scheduler - INFO - [index.py] EOF marker not found
2026-04-15 21:11:02,115 - Scheduler - INFO - [index.py] 
2026-04-15 21:11:02,120 - Scheduler - INFO - [index.py] invalid pdf header: b'\r\n<!-'
2026-04-15 21:11:02,173 - Scheduler - INFO - [index.py] EOF marker not found
2026-04-15 21:11:02,188 - Scheduler - INFO - [index.py] 
2026-04-15 21:11:02,195 - Scheduler - INFO - [index.py] invalid pdf header: b'\r\n<!-'
2026-04-15 21:11:02,238 - Scheduler - INFO - [index.py] EOF marker not found
2026-04-15 21:11:02,245 - Scheduler - INFO - [index.py] 
2026-04-15 21:11:02,250 - Scheduler - INFO - [index.py] invalid pdf header: b'\r\n<!-'
2026-04-15 21:11:02,334 - Scheduler - INFO - [index.py] EOF marker not found
2026-04-15 21:11:02,341 - Scheduler - INFO - [index.py] 
2026-04-15 21:11:02,347 - Scheduler - INFO - [index.py] invalid pdf header: b'\r\n<!-'
2026-04-15 21:11:02,400 - Scheduler - INFO - [index.py] EOF marker not found
2026-04-15 21:11:02,404 - Scheduler - INFO - [index.py] 
2026-04-15 21:11:02,415 - Scheduler - INFO - [index.py] invalid pdf header: b'\r\n<!-'
2026-04-15 21:11:02,468 - Scheduler - INFO - [index.py] EOF marker not found
2026-04-15 21:11:02,474 - Scheduler - INFO - [index.py] 
2026-04-15 21:11:02,481 - Scheduler - INFO - [index.py] invalid pdf header: b'\r\n<!-'
2026-04-15 21:11:02,553 - Scheduler - INFO - [index.py] EOF marker not found
2026-04-15 21:11:02,559 - Scheduler - INFO - [index.py] 
2026-04-15 21:11:02,568 - Scheduler - INFO - [index.py] invalid pdf header: b'\r\n<!-'
2026-04-15 21:11:02,634 - Scheduler - INFO - [index.py] EOF marker not found
2026-04-15 21:11:02,644 - Scheduler - INFO - [index.py] 
2026-04-15 21:11:02,650 - Scheduler - INFO - [index.py] invalid pdf header: b'\r\n<!-'
2026-04-15 21:11:02,706 - Scheduler - INFO - [index.py] EOF marker not found
2026-04-15 21:11:02,723 - Scheduler - INFO - [index.py] 
2026-04-15 21:11:02,729 - Scheduler - INFO - [index.py] invalid pdf header: b'\r\n<!-'
2026-04-15 21:11:02,797 - Scheduler - INFO - [index.py] EOF marker not found
2026-04-15 21:11:02,802 - Scheduler - INFO - [index.py] 
2026-04-15 21:11:02,807 - Scheduler - INFO - [index.py] invalid pdf header: b'\r\n<!-'
2026-04-15 21:11:02,866 - Scheduler - INFO - [index.py] EOF marker not found
2026-04-15 21:11:02,870 - Scheduler - INFO - [index.py] 
2026-04-15 21:11:02,873 - Scheduler - INFO - [index.py] invalid pdf header: b'\r\n<!-'
2026-04-15 21:11:02,930 - Scheduler - INFO - [index.py] EOF marker not found
2026-04-15 21:11:02,933 - Scheduler - INFO - [index.py] 
2026-04-15 21:11:02,942 - Scheduler - INFO - [index.py] invalid pdf header: b'\r\n<!-'
2026-04-15 21:11:03,002 - Scheduler - INFO - [index.py] EOF marker not found
2026-04-15 21:11:03,007 - Scheduler - INFO - [index.py] 
2026-04-15 21:11:03,012 - Scheduler - INFO - [index.py] invalid pdf header: b'\r\n<!-'
2026-04-15 21:11:03,062 - Scheduler - INFO - [index.py] EOF marker not found
2026-04-15 21:11:03,067 - Scheduler - INFO - [index.py] 
2026-04-15 21:11:03,071 - Scheduler - INFO - [index.py] invalid pdf header: b'\r\n<!-'
2026-04-15 21:11:03,132 - Scheduler - INFO - [index.py] EOF marker not found
2026-04-15 21:11:03,137 - Scheduler - INFO - [index.py] 
2026-04-15 21:11:03,144 - Scheduler - INFO - [index.py] invalid pdf header: b'\r\n<!-'
2026-04-15 21:11:03,206 - Scheduler - INFO - [index.py] EOF marker not found
2026-04-15 21:11:03,219 - Scheduler - INFO - [index.py] 
2026-04-15 21:11:03,224 - Scheduler - INFO - [index.py] invalid pdf header: b'\r\n<!D'
2026-04-15 21:11:03,359 - Scheduler - INFO - [index.py] EOF marker not found
2026-04-15 21:11:03,365 - Scheduler - INFO - [index.py] 
2026-04-15 21:11:03,370 - Scheduler - INFO - [index.py] invalid pdf header: b'\r\n<!D'
2026-04-15 21:11:03,584 - Scheduler - INFO - [index.py] EOF marker not found
2026-04-15 21:11:03,589 - Scheduler - INFO - [index.py] 
2026-04-15 21:11:03,610 - Scheduler - INFO - [index.py] invalid pdf header: b'\r\n<!D'
2026-04-15 21:11:03,741 - Scheduler - INFO - [index.py] EOF marker not found
2026-04-15 21:11:03,747 - Scheduler - INFO - [index.py] 
2026-04-15 21:11:03,767 - Scheduler - INFO - [index.py] invalid pdf header: b'\r\n<!D'
2026-04-15 21:11:03,895 - Scheduler - INFO - [index.py] EOF marker not found
2026-04-15 21:11:03,901 - Scheduler - INFO - [index.py] 
2026-04-15 21:11:03,904 - Scheduler - INFO - [index.py] invalid pdf header: b'\r\n<!D'
2026-04-15 21:11:04,040 - Scheduler - INFO - [index.py] EOF marker not found
2026-04-15 21:11:04,046 - Scheduler - INFO - [index.py] 
2026-04-15 21:11:04,050 - Scheduler - INFO - [index.py] invalid pdf header: b'\r\n<!D'
2026-04-15 21:11:04,185 - Scheduler - INFO - [index.py] EOF marker not found
2026-04-15 21:11:04,188 - Scheduler - INFO - [index.py] 
2026-04-15 21:11:04,193 - Scheduler - INFO - [index.py] invalid pdf header: b'\r\n<!D'
2026-04-15 21:11:04,330 - Scheduler - INFO - [index.py] EOF marker not found
2026-04-15 21:11:04,346 - Scheduler - INFO - [index.py] 
2026-04-15 21:11:04,349 - Scheduler - INFO - [index.py] invalid pdf header: b'\r\n<!D'
2026-04-15 21:11:04,469 - Scheduler - INFO - [index.py] EOF marker not found
2026-04-15 21:11:04,473 - Scheduler - INFO - [index.py] 
2026-04-15 21:11:04,480 - Scheduler - INFO - [index.py] invalid pdf header: b'\r\n<!D'
2026-04-15 21:11:04,600 - Scheduler - INFO - [index.py] EOF marker not found
2026-04-15 21:11:04,609 - Scheduler - INFO - [index.py] 
2026-04-15 21:11:04,614 - Scheduler - INFO - [index.py] invalid pdf header: b'\r\n<!D'
2026-04-15 21:11:04,732 - Scheduler - INFO - [index.py] EOF marker not found
2026-04-15 21:11:04,735 - Scheduler - INFO - [index.py] 
2026-04-15 21:11:04,739 - Scheduler - INFO - [index.py] invalid pdf header: b'\r\n<!D'
2026-04-15 21:11:04,870 - Scheduler - INFO - [index.py] EOF marker not found
2026-04-15 21:11:04,875 - Scheduler - INFO - [index.py] 
2026-04-15 21:11:04,881 - Scheduler - INFO - [index.py] invalid pdf header: b'\r\n<!D'
2026-04-15 21:11:05,009 - Scheduler - INFO - [index.py] EOF marker not found
2026-04-15 21:11:05,014 - Scheduler - INFO - [index.py] 
2026-04-15 21:11:05,020 - Scheduler - INFO - [index.py] invalid pdf header: b'\r\n<!D'
2026-04-15 21:11:05,151 - Scheduler - INFO - [index.py] EOF marker not found
2026-04-15 21:11:05,154 - Scheduler - INFO - [index.py] 
2026-04-15 21:11:05,158 - Scheduler - INFO - [index.py] invalid pdf header: b'\r\n<!D'
2026-04-15 21:11:05,291 - Scheduler - INFO - [index.py] EOF marker not found
2026-04-15 21:11:05,300 - Scheduler - INFO - [index.py] 
2026-04-15 21:11:05,308 - Scheduler - INFO - [index.py] invalid pdf header: b'\r\n<!D'
2026-04-15 21:11:05,433 - Scheduler - INFO - [index.py] EOF marker not found
2026-04-15 21:11:05,438 - Scheduler - INFO - [index.py] 
2026-04-15 21:11:05,442 - Scheduler - INFO - [index.py] 
2026-04-15 21:11:05,502 - Scheduler - INFO - [index.py] 
2026-04-15 21:11:09,489 - Scheduler - INFO - [index.py] 
2026-04-15 21:11:13,079 - Scheduler - INFO - [index.py] 
2026-04-15 21:11:17,076 - Scheduler - INFO - [index.py] 
2026-04-15 21:11:20,705 - Scheduler - INFO - [index.py] 
2026-04-15 21:11:20,705 - Scheduler - INFO - [index.py] ============================================================
2026-04-15 21:11:20,710 - Scheduler - INFO - [index.py] Schemes processed  : 60
2026-04-15 21:11:20,712 - Scheduler - INFO - [index.py] Total chunks       : 300
2026-04-15 21:11:20,712 - Scheduler - INFO - [index.py] Embedding model    : BAAI/bge-small-en-v1.5
2026-04-15 21:11:20,712 - Scheduler - INFO - [index.py] Collections created: aditya_birla, axis_mf, icici_prudential, nippon_india
2026-04-15 21:11:20,712 - Scheduler - INFO - [index.py] DB persisted at    : C:\Milestone 2\data\vector_db
2026-04-15 21:11:20,712 - Scheduler - INFO - [index.py] ============================================================
2026-04-15 21:11:23,466 - Scheduler - INFO - Successfully completed execution of scripts/index.py
2026-04-15 21:11:23,466 - Scheduler - INFO - Local pipeline scheduler completed successfully
2026-04-15 21:11:58,704 - Scheduler - INFO - [ingest.py] 
2026-04-15 21:11:59,439 - Scheduler - INFO - Successfully completed execution of scripts/ingest.py
2026-04-15 21:11:59,444 - Scheduler - INFO - Starting execution of scripts/index.py
2026-04-15 21:12:17,821 - Scheduler - INFO - [index.py] ============================================================
2026-04-15 21:12:17,823 - Scheduler - INFO - [index.py] Embedding Model : BAAI/bge-small-en-v1.5 (384 dims)
2026-04-15 21:12:17,825 - Scheduler - INFO - [index.py] ============================================================
2026-04-15 21:12:17,825 - Scheduler - INFO - [index.py] 
2026-04-15 21:12:19,200 - Scheduler - INFO - [index.py] Warning: You are sending unauthenticated requests to the HF Hub. Please set a HF_TOKEN to enable higher rate limits and faster downloads.
2026-04-15 21:12:21,491 - Scheduler - INFO - [index.py] 
2026-04-15 21:12:21,571 - Scheduler - INFO - [index.py] Loading weights:   0%|          | 0/199 [00:00<?, ?it/s]
2026-04-15 21:12:21,588 - Scheduler - INFO - [index.py] [1mBertModel LOAD REPORT[0m from: BAAI/bge-small-en-v1.5
2026-04-15 21:12:21,588 - Scheduler - INFO - [index.py] Key                     | Status     |  |
2026-04-15 21:12:21,589 - Scheduler - INFO - [index.py] ------------------------+------------+--+-
2026-04-15 21:12:21,590 - Scheduler - INFO - [index.py] embeddings.position_ids | UNEXPECTED |  |
2026-04-15 21:12:21,590 - Scheduler - INFO - [index.py] 
2026-04-15 21:12:21,590 - Scheduler - INFO - [index.py] Notes:
2026-04-15 21:12:21,590 - Scheduler - INFO - [index.py] - UNEXPECTED:	can be ignored when loading from different task/architecture; not ok if you expect identical arch.
2026-04-15 21:12:25,080 - Scheduler - INFO - [index.py] 
2026-04-15 21:12:25,296 - Scheduler - INFO - [index.py] invalid pdf header: b'<!doc'
2026-04-15 21:12:25,301 - Scheduler - INFO - [index.py] EOF marker not found
2026-04-15 21:12:25,306 - Scheduler - INFO - [index.py] 
2026-04-15 21:12:25,311 - Scheduler - INFO - [index.py] invalid pdf header: b'<!doc'
2026-04-15 21:12:25,313 - Scheduler - INFO - [index.py] EOF marker not found
2026-04-15 21:12:25,317 - Scheduler - INFO - [index.py] 
2026-04-15 21:12:25,323 - Scheduler - INFO - [index.py] invalid pdf header: b'<!doc'
2026-04-15 21:12:25,323 - Scheduler - INFO - [index.py] EOF marker not found
2026-04-15 21:12:25,327 - Scheduler - INFO - [index.py] 
2026-04-15 21:12:25,331 - Scheduler - INFO - [index.py] invalid pdf header: b'<!doc'
2026-04-15 21:12:25,334 - Scheduler - INFO - [index.py] EOF marker not found
2026-04-15 21:12:25,339 - Scheduler - INFO - [index.py] 
2026-04-15 21:12:25,343 - Scheduler - INFO - [index.py] invalid pdf header: b'<!doc'
2026-04-15 21:12:25,344 - Scheduler - INFO - [index.py] EOF marker not found
2026-04-15 21:12:25,350 - Scheduler - INFO - [index.py] 
2026-04-15 21:12:25,356 - Scheduler - INFO - [index.py] invalid pdf header: b'<!doc'
2026-04-15 21:12:25,358 - Scheduler - INFO - [index.py] EOF marker not found
2026-04-15 21:12:25,363 - Scheduler - INFO - [index.py] 
2026-04-15 21:12:25,367 - Scheduler - INFO - [index.py] invalid pdf header: b'<!doc'
2026-04-15 21:12:25,368 - Scheduler - INFO - [index.py] EOF marker not found
2026-04-15 21:12:25,373 - Scheduler - INFO - [index.py] 
2026-04-15 21:12:25,377 - Scheduler - INFO - [index.py] invalid pdf header: b'<!doc'
2026-04-15 21:12:25,379 - Scheduler - INFO - [index.py] EOF marker not found
2026-04-15 21:12:25,384 - Scheduler - INFO - [index.py] 
2026-04-15 21:12:25,388 - Scheduler - INFO - [index.py] invalid pdf header: b'<!doc'
2026-04-15 21:12:25,390 - Scheduler - INFO - [index.py] EOF marker not found
2026-04-15 21:12:25,393 - Scheduler - INFO - [index.py] 
2026-04-15 21:12:25,397 - Scheduler - INFO - [index.py] invalid pdf header: b'<!doc'
2026-04-15 21:12:25,399 - Scheduler - INFO - [index.py] EOF marker not found
2026-04-15 21:12:25,404 - Scheduler - INFO - [index.py] 
2026-04-15 21:12:25,408 - Scheduler - INFO - [index.py] invalid pdf header: b'<!doc'
2026-04-15 21:12:25,410 - Scheduler - INFO - [index.py] EOF marker not found
2026-04-15 21:12:25,414 - Scheduler - INFO - [index.py] 
2026-04-15 21:12:25,417 - Scheduler - INFO - [index.py] invalid pdf header: b'<!doc'
2026-04-15 21:12:25,420 - Scheduler - INFO - [index.py] EOF marker not found
2026-04-15 21:12:25,424 - Scheduler - INFO - [index.py] 
2026-04-15 21:12:25,428 - Scheduler - INFO - [index.py] invalid pdf header: b'<!doc'
2026-04-15 21:12:25,431 - Scheduler - INFO - [index.py] EOF marker not found
2026-04-15 21:12:25,436 - Scheduler - INFO - [index.py] 
2026-04-15 21:12:25,442 - Scheduler - INFO - [index.py] invalid pdf header: b'<!doc'
2026-04-15 21:12:25,443 - Scheduler - INFO - [index.py] EOF marker not found
2026-04-15 21:12:25,449 - Scheduler - INFO - [index.py] 
2026-04-15 21:12:25,457 - Scheduler - INFO - [index.py] invalid pdf header: b'<!doc'
2026-04-15 21:12:25,458 - Scheduler - INFO - [index.py] EOF marker not found
2026-04-15 21:12:25,464 - Scheduler - INFO - [index.py] 
2026-04-15 21:12:25,467 - Scheduler - INFO - [index.py] invalid pdf header: b'<!DOC'
2026-04-15 21:12:25,559 - Scheduler - INFO - [index.py] EOF marker not found
2026-04-15 21:12:25,564 - Scheduler - INFO - [index.py] 
2026-04-15 21:12:25,567 - Scheduler - INFO - [index.py] invalid pdf header: b'<!DOC'
2026-04-15 21:12:25,657 - Scheduler - INFO - [index.py] EOF marker not found
2026-04-15 21:12:25,661 - Scheduler - INFO - [index.py] 
2026-04-15 21:12:25,664 - Scheduler - INFO - [index.py] invalid pdf header: b'<!DOC'
2026-04-15 21:12:25,753 - Scheduler - INFO - [index.py] EOF marker not found
2026-04-15 21:12:25,757 - Scheduler - INFO - [index.py] 
2026-04-15 21:12:25,761 - Scheduler - INFO - [index.py] invalid pdf header: b'<!DOC'
2026-04-15 21:12:25,845 - Scheduler - INFO - [index.py] EOF marker not found
2026-04-15 21:12:25,848 - Scheduler - INFO - [index.py] 
2026-04-15 21:12:25,856 - Scheduler - INFO - [index.py] invalid pdf header: b'<!DOC'
2026-04-15 21:12:25,943 - Scheduler - INFO - [index.py] EOF marker not found
2026-04-15 21:12:25,947 - Scheduler - INFO - [index.py] 
2026-04-15 21:12:25,952 - Scheduler - INFO - [index.py] invalid pdf header: b'<!DOC'
2026-04-15 21:12:26,042 - Scheduler - INFO - [index.py] EOF marker not found
2026-04-15 21:12:26,045 - Scheduler - INFO - [index.py] 
2026-04-15 21:12:26,058 - Scheduler - INFO - [index.py] invalid pdf header: b'<!DOC'
2026-04-15 21:12:26,151 - Scheduler - INFO - [index.py] EOF marker not found
2026-04-15 21:12:26,155 - Scheduler - INFO - [index.py] 
2026-04-15 21:12:26,166 - Scheduler - INFO - [index.py] invalid pdf header: b'<!DOC'
2026-04-15 21:12:26,250 - Scheduler - INFO - [index.py] EOF marker not found
2026-04-15 21:12:26,255 - Scheduler - INFO - [index.py] 
2026-04-15 21:12:26,262 - Scheduler - INFO - [index.py] invalid pdf header: b'<!DOC'
2026-04-15 21:12:26,351 - Scheduler - INFO - [index.py] EOF marker not found
2026-04-15 21:12:26,357 - Scheduler - INFO - [index.py] 
2026-04-15 21:12:26,370 - Scheduler - INFO - [index.py] invalid pdf header: b'<!DOC'
2026-04-15 21:12:26,456 - Scheduler - INFO - [index.py] EOF marker not found
2026-04-15 21:12:26,459 - Scheduler - INFO - [index.py] 
2026-04-15 21:12:26,465 - Scheduler - INFO - [index.py] invalid pdf header: b'<!DOC'
2026-04-15 21:12:26,555 - Scheduler - INFO - [index.py] EOF marker not found
2026-04-15 21:12:26,559 - Scheduler - INFO - [index.py] 
2026-04-15 21:12:26,572 - Scheduler - INFO - [index.py] invalid pdf header: b'<!DOC'
2026-04-15 21:12:26,665 - Scheduler - INFO - [index.py] EOF marker not found
2026-04-15 21:12:26,669 - Scheduler - INFO - [index.py] 
2026-04-15 21:12:26,675 - Scheduler - INFO - [index.py] invalid pdf header: b'<!DOC'
2026-04-15 21:12:26,766 - Scheduler - INFO - [index.py] EOF marker not found
2026-04-15 21:12:26,769 - Scheduler - INFO - [index.py] 
2026-04-15 21:12:26,779 - Scheduler - INFO - [index.py] invalid pdf header: b'<!DOC'
2026-04-15 21:12:26,869 - Scheduler - INFO - [index.py] EOF marker not found
2026-04-15 21:12:26,873 - Scheduler - INFO - [index.py] 
2026-04-15 21:12:26,884 - Scheduler - INFO - [index.py] invalid pdf header: b'<!DOC'
2026-04-15 21:12:26,977 - Scheduler - INFO - [index.py] EOF marker not found
2026-04-15 21:12:26,980 - Scheduler - INFO - [index.py] 
2026-04-15 21:12:26,988 - Scheduler - INFO - [index.py] invalid pdf header: b'\r\n<!-'
2026-04-15 21:12:27,080 - Scheduler - INFO - [index.py] EOF marker not found
2026-04-15 21:12:27,084 - Scheduler - INFO - [index.py] 
2026-04-15 21:12:27,092 - Scheduler - INFO - [index.py] invalid pdf header: b'\r\n<!-'
2026-04-15 21:12:27,178 - Scheduler - INFO - [index.py] EOF marker not found
2026-04-15 21:12:27,182 - Scheduler - INFO - [index.py] 
2026-04-15 21:12:27,186 - Scheduler - INFO - [index.py] invalid pdf header: b'\r\n<!-'
2026-04-15 21:12:27,279 - Scheduler - INFO - [index.py] EOF marker not found
2026-04-15 21:12:27,283 - Scheduler - INFO - [index.py] 
2026-04-15 21:12:27,290 - Scheduler - INFO - [index.py] invalid pdf header: b'\r\n<!-'
2026-04-15 21:12:27,381 - Scheduler - INFO - [index.py] EOF marker not found
2026-04-15 21:12:27,384 - Scheduler - INFO - [index.py] 
2026-04-15 21:12:27,393 - Scheduler - INFO - [index.py] invalid pdf header: b'\r\n<!-'
2026-04-15 21:12:27,486 - Scheduler - INFO - [index.py] EOF marker not found
2026-04-15 21:12:27,490 - Scheduler - INFO - [index.py] 
2026-04-15 21:12:27,497 - Scheduler - INFO - [index.py] invalid pdf header: b'\r\n<!-'
2026-04-15 21:12:27,592 - Scheduler - INFO - [index.py] EOF marker not found
2026-04-15 21:12:27,595 - Scheduler - INFO - [index.py] 
2026-04-15 21:12:27,601 - Scheduler - INFO - [index.py] invalid pdf header: b'\r\n<!-'
2026-04-15 21:12:27,690 - Scheduler - INFO - [index.py] EOF marker not found
2026-04-15 21:12:27,692 - Scheduler - INFO - [index.py] 
2026-04-15 21:12:27,695 - Scheduler - INFO - [index.py] invalid pdf header: b'\r\n<!-'
2026-04-15 21:12:27,784 - Scheduler - INFO - [index.py] EOF marker not found
2026-04-15 21:12:27,789 - Scheduler - INFO - [index.py] 
2026-04-15 21:12:27,793 - Scheduler - INFO - [index.py] invalid pdf header: b'\r\n<!-'
2026-04-15 21:12:27,881 - Scheduler - INFO - [index.py] EOF marker not found
2026-04-15 21:12:27,884 - Scheduler - INFO - [index.py] 
2026-04-15 21:12:27,889 - Scheduler - INFO - [index.py] invalid pdf header: b'\r\n<!-'
2026-04-15 21:12:27,969 - Scheduler - INFO - [index.py] EOF marker not found
2026-04-15 21:12:27,973 - Scheduler - INFO - [index.py] 
2026-04-15 21:12:27,979 - Scheduler - INFO - [index.py] invalid pdf header: b'\r\n<!-'
2026-04-15 21:12:28,064 - Scheduler - INFO - [index.py] EOF marker not found
2026-04-15 21:12:28,068 - Scheduler - INFO - [index.py] 
2026-04-15 21:12:28,073 - Scheduler - INFO - [index.py] invalid pdf header: b'\r\n<!-'
2026-04-15 21:12:28,156 - Scheduler - INFO - [index.py] EOF marker not found
2026-04-15 21:12:28,158 - Scheduler - INFO - [index.py] 
2026-04-15 21:12:28,165 - Scheduler - INFO - [index.py] invalid pdf header: b'\r\n<!-'
2026-04-15 21:12:28,250 - Scheduler - INFO - [index.py] EOF marker not found
2026-04-15 21:12:28,254 - Scheduler - INFO - [index.py] 
2026-04-15 21:12:28,258 - Scheduler - INFO - [index.py] invalid pdf header: b'\r\n<!-'
2026-04-15 21:12:28,343 - Scheduler - INFO - [index.py] EOF marker not found
2026-04-15 21:12:28,346 - Scheduler - INFO - [index.py] 
2026-04-15 21:12:28,351 - Scheduler - INFO - [index.py] invalid pdf header: b'\r\n<!-'
2026-04-15 21:12:28,435 - Scheduler - INFO - [index.py] EOF marker not found
2026-04-15 21:12:28,440 - Scheduler - INFO - [index.py] 
2026-04-15 21:12:28,449 - Scheduler - INFO - [index.py] invalid pdf header: b'\r\n<!D'
2026-04-15 21:12:28,631 - Scheduler - INFO - [index.py] EOF marker not found
2026-04-15 21:12:28,635 - Scheduler - INFO - [index.py] 
2026-04-15 21:12:28,639 - Scheduler - INFO - [index.py] invalid pdf header: b'\r\n<!D'
2026-04-15 21:12:28,822 - Scheduler - INFO - [index.py] EOF marker not found
2026-04-15 21:12:28,825 - Scheduler - INFO - [index.py] 
2026-04-15 21:12:28,848 - Scheduler - INFO - [index.py] invalid pdf header: b'\r\n<!D'
2026-04-15 21:12:29,074 - Scheduler - INFO - [index.py] EOF marker not found
2026-04-15 21:12:29,077 - Scheduler - INFO - [index.py] 
2026-04-15 21:12:29,099 - Scheduler - INFO - [index.py] invalid pdf header: b'\r\n<!D'
2026-04-15 21:12:29,292 - Scheduler - INFO - [index.py] EOF marker not found
2026-04-15 21:12:29,295 - Scheduler - INFO - [index.py] 
2026-04-15 21:12:29,298 - Scheduler - INFO - [index.py] invalid pdf header: b'\r\n<!D'
2026-04-15 21:12:29,486 - Scheduler - INFO - [index.py] EOF marker not found
2026-04-15 21:12:29,489 - Scheduler - INFO - [index.py] 
2026-04-15 21:12:29,512 - Scheduler - INFO - [index.py] invalid pdf header: b'\r\n<!D'
2026-04-15 21:12:29,687 - Scheduler - INFO - [index.py] EOF marker not found
2026-04-15 21:12:29,691 - Scheduler - INFO - [index.py] 
2026-04-15 21:12:29,695 - Scheduler - INFO - [index.py] invalid pdf header: b'\r\n<!D'
2026-04-15 21:12:29,869 - Scheduler - INFO - [index.py] EOF marker not found
2026-04-15 21:12:29,872 - Scheduler - INFO - [index.py] 
2026-04-15 21:12:29,875 - Scheduler - INFO - [index.py] invalid pdf header: b'\r\n<!D'
2026-04-15 21:12:30,050 - Scheduler - INFO - [index.py] EOF marker not found
2026-04-15 21:12:30,053 - Scheduler - INFO - [index.py] 
2026-04-15 21:12:30,056 - Scheduler - INFO - [index.py] invalid pdf header: b'\r\n<!D'
2026-04-15 21:12:30,223 - Scheduler - INFO - [index.py] EOF marker not found
2026-04-15 21:12:30,225 - Scheduler - INFO - [index.py] 
2026-04-15 21:12:30,240 - Scheduler - INFO - [index.py] invalid pdf header: b'\r\n<!D'
2026-04-15 21:12:30,419 - Scheduler - INFO - [index.py] EOF marker not found
2026-04-15 21:12:30,423 - Scheduler - INFO - [index.py] 
2026-04-15 21:12:30,446 - Scheduler - INFO - [index.py] invalid pdf header: b'\r\n<!D'
2026-04-15 21:12:30,620 - Scheduler - INFO - [index.py] EOF marker not found
2026-04-15 21:12:30,624 - Scheduler - INFO - [index.py] 
2026-04-15 21:12:30,627 - Scheduler - INFO - [index.py] invalid pdf header: b'\r\n<!D'
2026-04-15 21:12:30,802 - Scheduler - INFO - [index.py] EOF marker not found
2026-04-15 21:12:30,806 - Scheduler - INFO - [index.py] 
2026-04-15 21:12:30,810 - Scheduler - INFO - [index.py] invalid pdf header: b'\r\n<!D'
2026-04-15 21:12:30,983 - Scheduler - INFO - [index.py] EOF marker not found
2026-04-15 21:12:30,985 - Scheduler - INFO - [index.py] 
2026-04-15 21:12:30,989 - Scheduler - INFO - [index.py] invalid pdf header: b'\r\n<!D'
2026-04-15 21:12:31,161 - Scheduler - INFO - [index.py] EOF marker not found
2026-04-15 21:12:31,163 - Scheduler - INFO - [index.py] 
2026-04-15 21:12:31,165 - Scheduler - INFO - [index.py] invalid pdf header: b'\r\n<!D'
2026-04-15 21:12:31,340 - Scheduler - INFO - [index.py] EOF marker not found
2026-04-15 21:12:31,344 - Scheduler - INFO - [index.py] 
2026-04-15 21:12:31,345 - Scheduler - INFO - [index.py] 
2026-04-15 21:12:31,347 - Scheduler - INFO - [index.py] 
2026-04-15 21:12:34,199 - Scheduler - INFO - [index.py] 
2026-04-15 21:12:36,618 - Scheduler - INFO - [index.py] 
2026-04-15 21:12:39,134 - Scheduler - INFO - [index.py] 
2026-04-15 21:12:42,079 - Scheduler - INFO - [index.py] 
2026-04-15 21:12:42,079 - Scheduler - INFO - [index.py] ============================================================
2026-04-15 21:12:42,081 - Scheduler - INFO - [index.py] Schemes processed  : 60
2026-04-15 21:12:42,081 - Scheduler - INFO - [index.py] Total chunks       : 300
2026-04-15 21:12:42,081 - Scheduler - INFO - [index.py] Embedding model    : BAAI/bge-small-en-v1.5
2026-04-15 21:12:42,081 - Scheduler - INFO - [index.py] Collections created: aditya_birla, axis_mf, icici_prudential, nippon_india
2026-04-15 21:12:42,081 - Scheduler - INFO - [index.py] DB persisted at    : C:\Milestone 2\data\vector_db
2026-04-15 21:12:42,081 - Scheduler - INFO - [index.py] ============================================================
2026-04-15 21:12:44,184 - Scheduler - INFO - Successfully completed execution of scripts/index.py
2026-04-15 21:12:44,185 - Scheduler - INFO - Local pipeline scheduler completed successfully
2026-04-15 21:44:41,730 - Scheduler - INFO - Starting local pipeline scheduler
2026-04-15 21:44:41,732 - Scheduler - INFO - Starting execution of scripts/ingest.py
2026-04-15 21:46:12,730 - Scheduler - INFO - [ingest.py] 
2026-04-15 21:46:13,052 - Scheduler - INFO - Successfully completed execution of scripts/ingest.py
2026-04-15 21:46:13,053 - Scheduler - INFO - Starting execution of scripts/index.py
2026-04-15 21:46:36,315 - Scheduler - INFO - [index.py] ============================================================
2026-04-15 21:46:36,317 - Scheduler - INFO - [index.py] Embedding Model : BAAI/bge-small-en-v1.5 (384 dims)
2026-04-15 21:46:36,318 - Scheduler - INFO - [index.py] ============================================================
2026-04-15 21:46:36,318 - Scheduler - INFO - [index.py] 
2026-04-15 21:46:37,643 - Scheduler - INFO - [index.py] Warning: You are sending unauthenticated requests to the HF Hub. Please set a HF_TOKEN to enable higher rate limits and faster downloads.
2026-04-15 21:46:40,384 - Scheduler - INFO - [index.py] 
2026-04-15 21:46:40,504 - Scheduler - INFO - [index.py] Loading weights:   0%|          | 0/199 [00:00<?, ?it/s]
2026-04-15 21:46:40,656 - Scheduler - INFO - [index.py] [1mBertModel LOAD REPORT[0m from: BAAI/bge-small-en-v1.5
2026-04-15 21:46:40,656 - Scheduler - INFO - [index.py] Key                     | Status     |  |
2026-04-15 21:46:40,657 - Scheduler - INFO - [index.py] ------------------------+------------+--+-
2026-04-15 21:46:40,657 - Scheduler - INFO - [index.py] embeddings.position_ids | UNEXPECTED |  |
2026-04-15 21:46:40,657 - Scheduler - INFO - [index.py] 
2026-04-15 21:46:40,657 - Scheduler - INFO - [index.py] Notes:
2026-04-15 21:46:40,657 - Scheduler - INFO - [index.py] - UNEXPECTED:	can be ignored when loading from different task/architecture; not ok if you expect identical arch.
2026-04-15 21:46:44,950 - Scheduler - INFO - [index.py] 
2026-04-15 21:46:44,955 - Scheduler - INFO - [index.py] 
2026-04-15 21:46:44,960 - Scheduler - INFO - [index.py] 
2026-04-15 21:46:44,965 - Scheduler - INFO - [index.py] 
2026-04-15 21:46:44,970 - Scheduler - INFO - [index.py] 
2026-04-15 21:46:44,975 - Scheduler - INFO - [index.py] 
2026-04-15 21:46:44,977 - Scheduler - INFO - [index.py] 
2026-04-15 21:46:45,056 - Scheduler - INFO - [index.py] 
2026-04-15 21:46:46,902 - Scheduler - INFO - [index.py] 
2026-04-15 21:46:47,376 - Scheduler - INFO - [index.py] 
2026-04-15 21:46:47,376 - Scheduler - INFO - [index.py] ============================================================
2026-04-15 21:46:47,378 - Scheduler - INFO - [index.py] Schemes processed  : 5
2026-04-15 21:46:47,378 - Scheduler - INFO - [index.py] Total chunks       : 25
2026-04-15 21:46:47,378 - Scheduler - INFO - [index.py] Embedding model    : BAAI/bge-small-en-v1.5
2026-04-15 21:46:47,378 - Scheduler - INFO - [index.py] Collections created: aditya_birla, axis_mf, icici_prudential, general, nippon_india
2026-04-15 21:46:47,378 - Scheduler - INFO - [index.py] DB persisted at    : C:\Milestone 2\data\vector_db
2026-04-15 21:46:47,378 - Scheduler - INFO - [index.py] ============================================================
2026-04-15 21:46:49,332 - Scheduler - INFO - Successfully completed execution of scripts/index.py
2026-04-15 21:46:49,332 - Scheduler - INFO - Local pipeline scheduler completed successfully
